<?xml version="1.0" encoding="UTF-8"?>
<!-- Generated by org.testng.reporters.JUnitReportReporter -->
<testsuite hostname="ZRPLQa" failures="0" tests="1" name="testCases.PhysicalOrder" time="206.967" errors="0" timestamp="2025-01-17T18:13:37 IST" skipped="0">
  <testcase classname="testCases.PhysicalOrder" name="OrderCreationWithZeppCoins" time="206.967"/>
  <system-out/>
</testsuite> <!-- testCases.PhysicalOrder -->
