<?xml version="1.0" encoding="UTF-8"?>
<!-- Generated by org.testng.reporters.JUnitReportReporter -->
<testsuite hostname="ZRPLQa" failures="0" tests="1" name="testCases.LoginPage" time="56.448" errors="0" timestamp="2024-08-27T06:53:14 IST" skipped="0">
  <testcase classname="testCases.LoginPage" name="Frontend" time="56.448"/>
  <system-out/>
</testsuite> <!-- testCases.LoginPage -->
